2024-10-13 17:09:47.960 [info] Test server listening.
2024-10-13 17:09:47.960 [info] > conda info --json
2024-10-13 17:09:47.961 [info] Found: /bin/python --> /usr/bin/python3.12
2024-10-13 17:09:47.961 [info] Found: /bin/python2 --> /usr/local/bin/python2.7
2024-10-13 17:09:47.962 [info] Found: /bin/python3 --> /bin/python3.12
2024-10-13 17:09:47.962 [info] Found: /bin/python3.12 --> /bin/python3.12
2024-10-13 17:09:47.980 [info] Found: /usr/bin/python --> /usr/bin/python3.12
2024-10-13 17:09:47.981 [info] Found: /usr/bin/python2 --> /usr/local/bin/python2.7
2024-10-13 17:09:47.981 [info] Found: /usr/bin/python3 --> /usr/bin/python3.12
2024-10-13 17:09:47.981 [info] Found: /usr/bin/python3.12 --> /usr/bin/python3.12
2024-10-13 17:09:48.000 [info] Found: /usr/local/bin/python2.7 --> /usr/local/bin/python2.7
2024-10-13 17:09:48.038 [info] > /bin/python -I /google/devshell/editor/code-oss-for-cloud-shell/extensions/ms-python.python/python_files/get_output_via_markers.py /google/devshell/editor/code-oss-for-cloud-shell/extensions/ms-python.python/python_files/interpreterInfo.py
2024-10-13 17:09:48.072 [info] > /bin/python2 -I /google/devshell/editor/code-oss-for-cloud-shell/extensions/ms-python.python/python_files/get_output_via_markers.py /google/devshell/editor/code-oss-for-cloud-shell/extensions/ms-python.python/python_files/interpreterInfo.py
2024-10-13 17:09:48.116 [info] > /bin/python3 -I /google/devshell/editor/code-oss-for-cloud-shell/extensions/ms-python.python/python_files/get_output_via_markers.py /google/devshell/editor/code-oss-for-cloud-shell/extensions/ms-python.python/python_files/interpreterInfo.py
2024-10-13 17:09:48.129 [warning] Error: Command failed: /bin/python2 -I /google/devshell/editor/code-oss-for-cloud-shell/extensions/ms-python.python/python_files/get_output_via_markers.py /google/devshell/editor/code-oss-for-cloud-shell/extensions/ms-python.python/python_files/interpreterInfo.py
Unknown option: -I
usage: /bin/python2 [option] ... [-c cmd | -m mod | file | -] [arg] ...
Try `python -h' for more information.

    at ChildProcess.exithandler (node:child_process:422:12)
    at ChildProcess.emit (node:events:529:35)
    at maybeClose (node:internal/child_process:1098:16)
    at Process.ChildProcess._handle.onexit (node:internal/child_process:303:5) {
  code: 2,
  killed: false,
  signal: null,
  cmd: '/bin/python2 -I /google/devshell/editor/code-oss-for-cloud-shell/extensions/ms-python.python/python_files/get_output_via_markers.py /google/devshell/editor/code-oss-for-cloud-shell/extensions/ms-python.python/python_files/interpreterInfo.py'
}
2024-10-13 17:09:48.129 [error] Support for Python 2.7 has been dropped by the Python extension so certain features may not work, upgrade to using Python 3.
2024-10-13 17:09:48.153 [info] > /bin/python2 /google/devshell/editor/code-oss-for-cloud-shell/extensions/ms-python.python/python_files/get_output_via_markers.py /google/devshell/editor/code-oss-for-cloud-shell/extensions/ms-python.python/python_files/interpreterInfo.py
2024-10-13 17:09:48.249 [info] Python interpreter path: /bin/python
2024-10-13 17:09:50.299 [info] Starting Jedi language server for default.
2024-10-13 17:10:57.318 [info] CreateEnv Trigger - Workspace not found for /home/rossi_rockero/calculadora_imc.py
2024-10-13 17:10:57.876 [info] Send text to terminal: /bin/python /home/rossi_rockero/calculadora_imc.py
2024-10-13 17:11:18.266 [info] Send text to terminal: /bin/python /home/rossi_rockero/calculadora_imc.py
2024-10-13 17:15:54.330 [info] Send text to terminal: /bin/python /home/rossi_rockero/calculadora_imc.py
